<?xml version="1.0" encoding="UTF-8"?>
<testng-results ignored="0" total="2" passed="2" failed="0" skipped="0">
  <reporter-output>
  </reporter-output>
  <suite started-at="2023-05-11T17:01:50Z" name="Default suite" finished-at="2023-05-11T17:02:43Z" duration-ms="53270">
    <groups>
    </groups>
    <test started-at="2023-05-11T17:01:50Z" name="Default test" finished-at="2023-05-11T17:02:43Z" duration-ms="53270">
      <class name="test.Cases.CheckOutAndConfirmOrderTest">
        <test-method is-config="true" signature="OpenURL()[pri:0, instance:test.Cases.CheckOutAndConfirmOrderTest@29526c05]" started-at="2023-05-11T17:01:50Z" name="OpenURL" finished-at="2023-05-11T17:01:59Z" duration-ms="9772" status="PASS">
          <reporter-output>
          </reporter-output>
        </test-method> <!-- OpenURL -->
        <test-method signature="LoginIn(java.lang.String, java.lang.String)[pri:1, instance:test.Cases.CheckOutAndConfirmOrderTest@29526c05]" started-at="2023-05-11T17:02:02Z" name="LoginIn" data-provider="LoginExistingUser" finished-at="2023-05-11T17:02:12Z" duration-ms="10868" status="PASS">
          <params>
            <param index="0">
              <value>
                <![CDATA[sara.yehia993@gmail.com]]>
              </value>
            </param>
            <param index="1">
              <value>
                <![CDATA[Password_1234]]>
              </value>
            </param>
          </params>
          <reporter-output>
          </reporter-output>
        </test-method> <!-- LoginIn -->
        <test-method signature="ShopItemAndCheckOut(java.lang.String, java.lang.String, java.lang.String, java.lang.String)[pri:2, instance:test.Cases.CheckOutAndConfirmOrderTest@29526c05]" started-at="2023-05-11T17:02:13Z" name="ShopItemAndCheckOut" data-provider="ShppItemData" finished-at="2023-05-11T17:02:42Z" duration-ms="29036" status="PASS">
          <params>
            <param index="0">
              <value>
                <![CDATA[Video Games]]>
              </value>
            </param>
            <param index="1">
              <value>
                <![CDATA[All Video Games]]>
              </value>
            </param>
            <param index="2">
              <value>
                <![CDATA[Price: High to Low]]>
              </value>
            </param>
            <param index="3">
              <value>
                <![CDATA[Video Games]]>
              </value>
            </param>
          </params>
          <reporter-output>
          </reporter-output>
        </test-method> <!-- ShopItemAndCheckOut -->
        <test-method is-config="true" signature="stopDriver()[pri:0, instance:test.Cases.CheckOutAndConfirmOrderTest@29526c05]" started-at="2023-05-11T17:02:42Z" name="stopDriver" finished-at="2023-05-11T17:02:43Z" duration-ms="798" status="PASS">
          <reporter-output>
          </reporter-output>
        </test-method> <!-- stopDriver -->
      </class> <!-- test.Cases.CheckOutAndConfirmOrderTest -->
    </test> <!-- Default test -->
  </suite> <!-- Default suite -->
</testng-results>
